<?xml version="1.0" encoding="UTF-8"?>
<!-- Generated by org.testng.reporters.JUnitReportReporter -->
<testsuite skipped="0" hostname="Praveen-Products" name="softwareTestingMaterial.TestCase1" tests="2" failures="0" timestamp="05 Sep 2021 08:25:30 GMT" time="0.017" errors="0">
  <testcase name="loginTest" time="0.002" classname="softwareTestingMaterial.TestCase1"/>
  <testcase name="loginTest" time="0.015" classname="softwareTestingMaterial.TestCase1"/>
</testsuite> <!-- softwareTestingMaterial.TestCase1 -->
