<?xml version="1.0" encoding="UTF-8"?>
<!-- Generated by org.testng.reporters.JUnitReportReporter -->
<testsuite skipped="0" hostname="Praveen-Products" name="com.forsys.Schedulingsalesorder" tests="1" failures="0" timestamp="02 Aug 2021 11:42:36 GMT" time="0.002" errors="0">
  <testcase name="Home_Page" time="0.002" classname="com.forsys.Schedulingsalesorder"/>
</testsuite> <!-- com.forsys.Schedulingsalesorder -->
