<?xml version="1.0" encoding="UTF-8"?>
<!-- Generated by org.testng.reporters.JUnitReportReporter -->
<testsuite skipped="0" hostname="Praveen-Products" name="softwareTestingMaterial.TestNGAnnotationTypesTest" tests="2" failures="0" timestamp="06 Sep 2021 07:24:48 GMT" time="0.007" errors="0">
  <testcase name="test" time="0.004" classname="softwareTestingMaterial.TestNGAnnotationTypesTest"/>
  <testcase name="test1" time="0.003" classname="softwareTestingMaterial.TestNGAnnotationTypesTest"/>
</testsuite> <!-- softwareTestingMaterial.TestNGAnnotationTypesTest -->
