<?xml version="1.0" encoding="UTF-8"?>
<!-- Generated by org.testng.reporters.JUnitReportReporter -->
<testsuite skipped="0" hostname="Praveen-Products" name="softwareTestingMaterial.TestCase2" tests="1" failures="0" timestamp="05 Sep 2021 08:24:30 GMT" time="0.001" errors="0">
  <testcase name="composeMail" time="0.001" classname="softwareTestingMaterial.TestCase2"/>
</testsuite> <!-- softwareTestingMaterial.TestCase2 -->
